2026-05-09T21:05:53.069+02:00  INFO 2380 --- [esiusuarios] [main] e.e.d.e.EsiusuariosApplication           : Starting EsiusuariosApplication using Java 17.0.19 with PID 2380 (C:\Users\Fran\DSoftware\esiusuarios\target\classes started by Fran in C:\Users\Fran\DSoftware)
2026-05-09T21:05:53.081+02:00  INFO 2380 --- [esiusuarios] [main] e.e.d.e.EsiusuariosApplication           : No active profile set, falling back to 1 default profile: "default"
2026-05-09T21:05:53.856+02:00  INFO 2380 --- [esiusuarios] [main] .s.d.r.c.RepositoryConfigurationDelegate : Bootstrapping Spring Data JPA repositories in DEFAULT mode.
2026-05-09T21:05:53.936+02:00  INFO 2380 --- [esiusuarios] [main] .s.d.r.c.RepositoryConfigurationDelegate : Finished Spring Data repository scanning in 62 ms. Found 1 JPA repository interface.
2026-05-09T21:05:54.277+02:00  INFO 2380 --- [esiusuarios] [main] ptablePropertiesBeanFactoryPostProcessor : Post-processing PropertySource instances
2026-05-09T21:05:54.279+02:00  INFO 2380 --- [esiusuarios] [main] c.u.j.EncryptablePropertySourceConverter : Skipping PropertySource configurationProperties [class org.springframework.boot.context.properties.source.ConfigurationPropertySourcesPropertySource
2026-05-09T21:05:54.279+02:00  INFO 2380 --- [esiusuarios] [main] c.u.j.EncryptablePropertySourceConverter : Skipping PropertySource servletConfigInitParams [class org.springframework.core.env.PropertySource$StubPropertySource
2026-05-09T21:05:54.279+02:00  INFO 2380 --- [esiusuarios] [main] c.u.j.EncryptablePropertySourceConverter : Skipping PropertySource servletContextInitParams [class org.springframework.core.env.PropertySource$StubPropertySource
2026-05-09T21:05:54.283+02:00  INFO 2380 --- [esiusuarios] [main] c.u.j.EncryptablePropertySourceConverter : Converting PropertySource systemProperties [org.springframework.core.env.PropertiesPropertySource] to EncryptableMapPropertySourceWrapper
2026-05-09T21:05:54.283+02:00  INFO 2380 --- [esiusuarios] [main] c.u.j.EncryptablePropertySourceConverter : Converting PropertySource systemEnvironment [org.springframework.boot.env.SystemEnvironmentPropertySourceEnvironmentPostProcessor$OriginAwareSystemEnvironmentPropertySource] to EncryptableSystemEnvironmentPropertySourceWrapper
2026-05-09T21:05:54.283+02:00  INFO 2380 --- [esiusuarios] [main] c.u.j.EncryptablePropertySourceConverter : Converting PropertySource random [org.springframework.boot.env.RandomValuePropertySource] to EncryptablePropertySourceWrapper
2026-05-09T21:05:54.283+02:00  INFO 2380 --- [esiusuarios] [main] c.u.j.EncryptablePropertySourceConverter : Converting PropertySource Config resource 'class path resource [application.properties]' via location 'optional:classpath:/' [org.springframework.boot.env.OriginTrackedMapPropertySource] to EncryptableMapPropertySourceWrapper
2026-05-09T21:05:54.495+02:00  INFO 2380 --- [esiusuarios] [main] c.u.j.filter.DefaultLazyPropertyFilter   : Property Filter custom Bean not found with name 'encryptablePropertyFilter'. Initializing Default Property Filter
2026-05-09T21:05:54.513+02:00  INFO 2380 --- [esiusuarios] [main] c.u.j.r.DefaultLazyPropertyResolver      : Property Resolver custom Bean not found with name 'encryptablePropertyResolver'. Initializing Default Property Resolver
2026-05-09T21:05:54.516+02:00  INFO 2380 --- [esiusuarios] [main] c.u.j.d.DefaultLazyPropertyDetector      : Property Detector custom Bean not found with name 'encryptablePropertyDetector'. Initializing Default Property Detector
2026-05-09T21:05:54.890+02:00  INFO 2380 --- [esiusuarios] [main] o.s.b.w.embedded.tomcat.TomcatWebServer  : Tomcat initialized with port 8081 (http)
2026-05-09T21:05:54.905+02:00  INFO 2380 --- [esiusuarios] [main] o.apache.catalina.core.StandardService   : Starting service [Tomcat]
2026-05-09T21:05:54.905+02:00  INFO 2380 --- [esiusuarios] [main] o.apache.catalina.core.StandardEngine    : Starting Servlet engine: [Apache Tomcat/10.1.31]
2026-05-09T21:05:55.012+02:00  INFO 2380 --- [esiusuarios] [main] o.a.c.c.C.[Tomcat].[localhost].[/]       : Initializing Spring embedded WebApplicationContext
2026-05-09T21:05:55.012+02:00  INFO 2380 --- [esiusuarios] [main] w.s.c.ServletWebServerApplicationContext : Root WebApplicationContext: initialization completed in 1877 ms
2026-05-09T21:05:55.404+02:00  INFO 2380 --- [esiusuarios] [main] o.hibernate.jpa.internal.util.LogHelper  : HHH000204: Processing PersistenceUnitInfo [name: default]
2026-05-09T21:05:55.524+02:00  INFO 2380 --- [esiusuarios] [main] org.hibernate.Version                    : HHH000412: Hibernate ORM core version 6.5.3.Final
2026-05-09T21:05:55.584+02:00  INFO 2380 --- [esiusuarios] [main] o.h.c.internal.RegionFactoryInitiator    : HHH000026: Second-level cache disabled
2026-05-09T21:05:56.033+02:00  INFO 2380 --- [esiusuarios] [main] o.s.o.j.p.SpringPersistenceUnitInfo      : No LoadTimeWeaver setup: ignoring JPA class transformer
2026-05-09T21:05:56.080+02:00  INFO 2380 --- [esiusuarios] [main] com.zaxxer.hikari.HikariDataSource       : HikariPool-1 - Starting...
2026-05-09T21:05:56.535+02:00  INFO 2380 --- [esiusuarios] [main] com.zaxxer.hikari.pool.HikariPool        : HikariPool-1 - Added connection ConnectionID:1 ClientConnectionId: 4290087b-1569-43bb-8c14-9c1b4ff54de9
2026-05-09T21:05:56.538+02:00  INFO 2380 --- [esiusuarios] [main] com.zaxxer.hikari.HikariDataSource       : HikariPool-1 - Start completed.
2026-05-09T21:05:56.566+02:00  WARN 2380 --- [esiusuarios] [main] org.hibernate.orm.deprecation            : HHH90000025: SQLServer2016Dialect does not need to be specified explicitly using 'hibernate.dialect' (remove the property setting and it will be selected by default)
2026-05-09T21:05:56.566+02:00  WARN 2380 --- [esiusuarios] [main] org.hibernate.orm.deprecation            : HHH90000026: SQLServer2016Dialect has been deprecated; use org.hibernate.dialect.SQLServerDialect instead
2026-05-09T21:05:57.732+02:00  INFO 2380 --- [esiusuarios] [main] o.h.e.t.j.p.i.JtaPlatformInitiator       : HHH000489: No JTA platform available (set 'hibernate.transaction.jta.platform' to enable JTA platform integration)
2026-05-09T21:05:58.144+02:00  INFO 2380 --- [esiusuarios] [main] j.LocalContainerEntityManagerFactoryBean : Initialized JPA EntityManagerFactory for persistence unit 'default'
2026-05-09T21:05:58.644+02:00  INFO 2380 --- [esiusuarios] [main] o.s.d.j.r.query.QueryEnhancerFactory     : Hibernate is in classpath; If applicable, HQL parser will be used.
2026-05-09T21:05:59.760+02:00  WARN 2380 --- [esiusuarios] [main] JpaBaseConfiguration$JpaWebConfiguration : spring.jpa.open-in-view is enabled by default. Therefore, database queries may be performed during view rendering. Explicitly configure spring.jpa.open-in-view to disable this warning
2026-05-09T21:05:59.927+02:00  WARN 2380 --- [esiusuarios] [main] .s.s.UserDetailsServiceAutoConfiguration : 

Using generated security password: 8b63214f-13b9-4eb0-878d-d84a693a2f8a

This generated password is for development use only. Your security configuration must be updated before running your application in production.

2026-05-09T21:05:59.961+02:00  INFO 2380 --- [esiusuarios] [main] r$InitializeUserDetailsManagerConfigurer : Global AuthenticationManager configured with UserDetailsService bean with name inMemoryUserDetailsManager
2026-05-09T21:06:00.471+02:00 DEBUG 2380 --- [esiusuarios] [main] o.s.s.web.DefaultSecurityFilterChain     : Will secure any request with filters: DisableEncodeUrlFilter, WebAsyncManagerIntegrationFilter, SecurityContextHolderFilter, HeaderWriterFilter, CorsFilter, LogoutFilter, RequestCacheAwareFilter, SecurityContextHolderAwareRequestFilter, AnonymousAuthenticationFilter, ExceptionTranslationFilter, AuthorizationFilter
2026-05-09T21:06:01.477+02:00  INFO 2380 --- [esiusuarios] [main] o.s.b.w.embedded.tomcat.TomcatWebServer  : Tomcat started on port 8081 (http) with context path '/'
2026-05-09T21:06:01.481+02:00  INFO 2380 --- [esiusuarios] [main] u.j.c.RefreshScopeRefreshedEventListener : Refreshing cached encryptable property sources on ServletWebServerInitializedEvent
2026-05-09T21:06:01.481+02:00  INFO 2380 --- [esiusuarios] [main] CachingDelegateEncryptablePropertySource : Property Source systemProperties refreshed
2026-05-09T21:06:01.481+02:00  INFO 2380 --- [esiusuarios] [main] CachingDelegateEncryptablePropertySource : Property Source systemEnvironment refreshed
2026-05-09T21:06:01.483+02:00  INFO 2380 --- [esiusuarios] [main] CachingDelegateEncryptablePropertySource : Property Source random refreshed
2026-05-09T21:06:01.483+02:00  INFO 2380 --- [esiusuarios] [main] CachingDelegateEncryptablePropertySource : Property Source Config resource 'class path resource [application.properties]' via location 'optional:classpath:/' refreshed
2026-05-09T21:06:01.483+02:00  INFO 2380 --- [esiusuarios] [main] c.u.j.EncryptablePropertySourceConverter : Skipping PropertySource configurationProperties [class org.springframework.boot.context.properties.source.ConfigurationPropertySourcesPropertySource
2026-05-09T21:06:01.483+02:00  INFO 2380 --- [esiusuarios] [main] c.u.j.EncryptablePropertySourceConverter : Skipping PropertySource servletConfigInitParams [class org.springframework.core.env.PropertySource$StubPropertySource
2026-05-09T21:06:01.484+02:00  INFO 2380 --- [esiusuarios] [main] c.u.j.EncryptablePropertySourceConverter : Converting PropertySource servletContextInitParams [org.springframework.web.context.support.ServletContextPropertySource] to EncryptableEnumerablePropertySourceWrapper
2026-05-09T21:06:01.502+02:00  INFO 2380 --- [esiusuarios] [main] e.e.d.e.EsiusuariosApplication           : Started EsiusuariosApplication in 8.907 seconds (process running for 9.4)
2026-05-09T21:07:09.393+02:00  INFO 2380 --- [esiusuarios] [http-nio-8081-exec-2] o.a.c.c.C.[Tomcat].[localhost].[/]       : Initializing Spring DispatcherServlet 'dispatcherServlet'
2026-05-09T21:07:09.393+02:00  INFO 2380 --- [esiusuarios] [http-nio-8081-exec-2] o.s.web.servlet.DispatcherServlet        : Initializing Servlet 'dispatcherServlet'
2026-05-09T21:07:09.395+02:00  INFO 2380 --- [esiusuarios] [http-nio-8081-exec-2] o.s.web.servlet.DispatcherServlet        : Completed initialization in 1 ms
2026-05-09T21:07:09.413+02:00 DEBUG 2380 --- [esiusuarios] [http-nio-8081-exec-2] o.s.security.web.FilterChainProxy        : Securing OPTIONS /users/login
2026-05-09T21:07:09.433+02:00 DEBUG 2380 --- [esiusuarios] [http-nio-8081-exec-3] o.s.security.web.FilterChainProxy        : Securing POST /users/login
2026-05-09T21:07:09.444+02:00 DEBUG 2380 --- [esiusuarios] [http-nio-8081-exec-3] o.s.security.web.FilterChainProxy        : Secured POST /users/login
2026-05-09T21:07:09.722+02:00 DEBUG 2380 --- [esiusuarios] [http-nio-8081-exec-3] o.s.s.w.a.AnonymousAuthenticationFilter  : Set SecurityContextHolder to anonymous SecurityContext
2026-05-09T21:09:02.149+02:00  INFO 2380 --- [esiusuarios] [SpringApplicationShutdownHook] j.LocalContainerEntityManagerFactoryBean : Closing JPA EntityManagerFactory for persistence unit 'default'
2026-05-09T21:09:02.151+02:00  INFO 2380 --- [esiusuarios] [SpringApplicationShutdownHook] com.zaxxer.hikari.HikariDataSource       : HikariPool-1 - Shutdown initiated...
2026-05-09T21:09:02.151+02:00  INFO 2380 --- [esiusuarios] [SpringApplicationShutdownHook] com.zaxxer.hikari.HikariDataSource       : HikariPool-1 - Shutdown completed.
2026-05-09T21:11:17.608+02:00  INFO 14744 --- [esiusuarios] [main] e.e.d.e.EsiusuariosApplication           : Starting EsiusuariosApplication using Java 17.0.19 with PID 14744 (C:\Users\Fran\DSoftware\esiusuarios\target\classes started by Fran in C:\Users\Fran\DSoftware)
2026-05-09T21:11:17.610+02:00  INFO 14744 --- [esiusuarios] [main] e.e.d.e.EsiusuariosApplication           : No active profile set, falling back to 1 default profile: "default"
2026-05-09T21:11:18.431+02:00  INFO 14744 --- [esiusuarios] [main] .s.d.r.c.RepositoryConfigurationDelegate : Bootstrapping Spring Data JPA repositories in DEFAULT mode.
2026-05-09T21:11:18.523+02:00  INFO 14744 --- [esiusuarios] [main] .s.d.r.c.RepositoryConfigurationDelegate : Finished Spring Data repository scanning in 71 ms. Found 1 JPA repository interface.
2026-05-09T21:11:18.878+02:00  INFO 14744 --- [esiusuarios] [main] ptablePropertiesBeanFactoryPostProcessor : Post-processing PropertySource instances
2026-05-09T21:11:18.883+02:00  INFO 14744 --- [esiusuarios] [main] c.u.j.EncryptablePropertySourceConverter : Skipping PropertySource configurationProperties [class org.springframework.boot.context.properties.source.ConfigurationPropertySourcesPropertySource
2026-05-09T21:11:18.885+02:00  INFO 14744 --- [esiusuarios] [main] c.u.j.EncryptablePropertySourceConverter : Skipping PropertySource servletConfigInitParams [class org.springframework.core.env.PropertySource$StubPropertySource
2026-05-09T21:11:18.885+02:00  INFO 14744 --- [esiusuarios] [main] c.u.j.EncryptablePropertySourceConverter : Skipping PropertySource servletContextInitParams [class org.springframework.core.env.PropertySource$StubPropertySource
2026-05-09T21:11:18.885+02:00  INFO 14744 --- [esiusuarios] [main] c.u.j.EncryptablePropertySourceConverter : Converting PropertySource systemProperties [org.springframework.core.env.PropertiesPropertySource] to EncryptableMapPropertySourceWrapper
2026-05-09T21:11:18.885+02:00  INFO 14744 --- [esiusuarios] [main] c.u.j.EncryptablePropertySourceConverter : Converting PropertySource systemEnvironment [org.springframework.boot.env.SystemEnvironmentPropertySourceEnvironmentPostProcessor$OriginAwareSystemEnvironmentPropertySource] to EncryptableSystemEnvironmentPropertySourceWrapper
2026-05-09T21:11:18.885+02:00  INFO 14744 --- [esiusuarios] [main] c.u.j.EncryptablePropertySourceConverter : Converting PropertySource random [org.springframework.boot.env.RandomValuePropertySource] to EncryptablePropertySourceWrapper
2026-05-09T21:11:18.888+02:00  INFO 14744 --- [esiusuarios] [main] c.u.j.EncryptablePropertySourceConverter : Converting PropertySource Config resource 'class path resource [application.properties]' via location 'optional:classpath:/' [org.springframework.boot.env.OriginTrackedMapPropertySource] to EncryptableMapPropertySourceWrapper
2026-05-09T21:11:19.089+02:00  INFO 14744 --- [esiusuarios] [main] c.u.j.filter.DefaultLazyPropertyFilter   : Property Filter custom Bean not found with name 'encryptablePropertyFilter'. Initializing Default Property Filter
2026-05-09T21:11:19.109+02:00  INFO 14744 --- [esiusuarios] [main] c.u.j.r.DefaultLazyPropertyResolver      : Property Resolver custom Bean not found with name 'encryptablePropertyResolver'. Initializing Default Property Resolver
2026-05-09T21:11:19.114+02:00  INFO 14744 --- [esiusuarios] [main] c.u.j.d.DefaultLazyPropertyDetector      : Property Detector custom Bean not found with name 'encryptablePropertyDetector'. Initializing Default Property Detector
2026-05-09T21:11:19.500+02:00  INFO 14744 --- [esiusuarios] [main] o.s.b.w.embedded.tomcat.TomcatWebServer  : Tomcat initialized with port 8081 (http)
2026-05-09T21:11:19.523+02:00  INFO 14744 --- [esiusuarios] [main] o.apache.catalina.core.StandardService   : Starting service [Tomcat]
2026-05-09T21:11:19.524+02:00  INFO 14744 --- [esiusuarios] [main] o.apache.catalina.core.StandardEngine    : Starting Servlet engine: [Apache Tomcat/10.1.31]
2026-05-09T21:11:19.632+02:00  INFO 14744 --- [esiusuarios] [main] o.a.c.c.C.[Tomcat].[localhost].[/]       : Initializing Spring embedded WebApplicationContext
2026-05-09T21:11:19.637+02:00  INFO 14744 --- [esiusuarios] [main] w.s.c.ServletWebServerApplicationContext : Root WebApplicationContext: initialization completed in 1968 ms
2026-05-09T21:11:20.010+02:00  INFO 14744 --- [esiusuarios] [main] o.hibernate.jpa.internal.util.LogHelper  : HHH000204: Processing PersistenceUnitInfo [name: default]
2026-05-09T21:11:20.100+02:00  INFO 14744 --- [esiusuarios] [main] org.hibernate.Version                    : HHH000412: Hibernate ORM core version 6.5.3.Final
2026-05-09T21:11:20.176+02:00  INFO 14744 --- [esiusuarios] [main] o.h.c.internal.RegionFactoryInitiator    : HHH000026: Second-level cache disabled
2026-05-09T21:11:20.657+02:00  INFO 14744 --- [esiusuarios] [main] o.s.o.j.p.SpringPersistenceUnitInfo      : No LoadTimeWeaver setup: ignoring JPA class transformer
2026-05-09T21:11:20.697+02:00  INFO 14744 --- [esiusuarios] [main] com.zaxxer.hikari.HikariDataSource       : HikariPool-1 - Starting...
2026-05-09T21:11:21.120+02:00  INFO 14744 --- [esiusuarios] [main] com.zaxxer.hikari.pool.HikariPool        : HikariPool-1 - Added connection ConnectionID:1 ClientConnectionId: 3cedcc4a-466b-4614-b3ba-4b0859ddf385
2026-05-09T21:11:21.128+02:00  INFO 14744 --- [esiusuarios] [main] com.zaxxer.hikari.HikariDataSource       : HikariPool-1 - Start completed.
2026-05-09T21:11:21.159+02:00  WARN 14744 --- [esiusuarios] [main] org.hibernate.orm.deprecation            : HHH90000025: SQLServer2016Dialect does not need to be specified explicitly using 'hibernate.dialect' (remove the property setting and it will be selected by default)
2026-05-09T21:11:21.161+02:00  WARN 14744 --- [esiusuarios] [main] org.hibernate.orm.deprecation            : HHH90000026: SQLServer2016Dialect has been deprecated; use org.hibernate.dialect.SQLServerDialect instead
2026-05-09T21:11:22.101+02:00  INFO 14744 --- [esiusuarios] [main] o.h.e.t.j.p.i.JtaPlatformInitiator       : HHH000489: No JTA platform available (set 'hibernate.transaction.jta.platform' to enable JTA platform integration)
2026-05-09T21:11:22.199+02:00  INFO 14744 --- [esiusuarios] [main] j.LocalContainerEntityManagerFactoryBean : Initialized JPA EntityManagerFactory for persistence unit 'default'
2026-05-09T21:11:22.589+02:00  INFO 14744 --- [esiusuarios] [main] o.s.d.j.r.query.QueryEnhancerFactory     : Hibernate is in classpath; If applicable, HQL parser will be used.
2026-05-09T21:11:23.392+02:00  WARN 14744 --- [esiusuarios] [main] JpaBaseConfiguration$JpaWebConfiguration : spring.jpa.open-in-view is enabled by default. Therefore, database queries may be performed during view rendering. Explicitly configure spring.jpa.open-in-view to disable this warning
2026-05-09T21:11:23.442+02:00  WARN 14744 --- [esiusuarios] [main] .s.s.UserDetailsServiceAutoConfiguration : 

Using generated security password: 614de410-7172-4451-87f7-7d281548cc96

This generated password is for development use only. Your security configuration must be updated before running your application in production.

2026-05-09T21:11:23.456+02:00  INFO 14744 --- [esiusuarios] [main] r$InitializeUserDetailsManagerConfigurer : Global AuthenticationManager configured with UserDetailsService bean with name inMemoryUserDetailsManager
2026-05-09T21:11:23.609+02:00 DEBUG 14744 --- [esiusuarios] [main] o.s.s.web.DefaultSecurityFilterChain     : Will secure any request with filters: DisableEncodeUrlFilter, WebAsyncManagerIntegrationFilter, SecurityContextHolderFilter, HeaderWriterFilter, CorsFilter, LogoutFilter, RequestCacheAwareFilter, SecurityContextHolderAwareRequestFilter, AnonymousAuthenticationFilter, ExceptionTranslationFilter, AuthorizationFilter
2026-05-09T21:11:24.410+02:00  INFO 14744 --- [esiusuarios] [main] o.s.b.w.embedded.tomcat.TomcatWebServer  : Tomcat started on port 8081 (http) with context path '/'
2026-05-09T21:11:24.415+02:00  INFO 14744 --- [esiusuarios] [main] u.j.c.RefreshScopeRefreshedEventListener : Refreshing cached encryptable property sources on ServletWebServerInitializedEvent
2026-05-09T21:11:24.417+02:00  INFO 14744 --- [esiusuarios] [main] CachingDelegateEncryptablePropertySource : Property Source systemProperties refreshed
2026-05-09T21:11:24.417+02:00  INFO 14744 --- [esiusuarios] [main] CachingDelegateEncryptablePropertySource : Property Source systemEnvironment refreshed
2026-05-09T21:11:24.417+02:00  INFO 14744 --- [esiusuarios] [main] CachingDelegateEncryptablePropertySource : Property Source random refreshed
2026-05-09T21:11:24.417+02:00  INFO 14744 --- [esiusuarios] [main] CachingDelegateEncryptablePropertySource : Property Source Config resource 'class path resource [application.properties]' via location 'optional:classpath:/' refreshed
2026-05-09T21:11:24.418+02:00  INFO 14744 --- [esiusuarios] [main] c.u.j.EncryptablePropertySourceConverter : Skipping PropertySource configurationProperties [class org.springframework.boot.context.properties.source.ConfigurationPropertySourcesPropertySource
2026-05-09T21:11:24.418+02:00  INFO 14744 --- [esiusuarios] [main] c.u.j.EncryptablePropertySourceConverter : Skipping PropertySource servletConfigInitParams [class org.springframework.core.env.PropertySource$StubPropertySource
2026-05-09T21:11:24.420+02:00  INFO 14744 --- [esiusuarios] [main] c.u.j.EncryptablePropertySourceConverter : Converting PropertySource servletContextInitParams [org.springframework.web.context.support.ServletContextPropertySource] to EncryptableEnumerablePropertySourceWrapper
2026-05-09T21:11:24.435+02:00  INFO 14744 --- [esiusuarios] [main] e.e.d.e.EsiusuariosApplication           : Started EsiusuariosApplication in 7.25 seconds (process running for 7.687)
2026-05-09T21:14:57.034+02:00  INFO 14744 --- [esiusuarios] [SpringApplicationShutdownHook] j.LocalContainerEntityManagerFactoryBean : Closing JPA EntityManagerFactory for persistence unit 'default'
2026-05-09T21:14:57.036+02:00  INFO 14744 --- [esiusuarios] [SpringApplicationShutdownHook] com.zaxxer.hikari.HikariDataSource       : HikariPool-1 - Shutdown initiated...
2026-05-09T21:14:57.039+02:00  INFO 14744 --- [esiusuarios] [SpringApplicationShutdownHook] com.zaxxer.hikari.HikariDataSource       : HikariPool-1 - Shutdown completed.
2026-05-09T21:15:04.296+02:00  INFO 11620 --- [esiusuarios] [main] e.e.d.e.EsiusuariosApplication           : Starting EsiusuariosApplication using Java 17.0.19 with PID 11620 (C:\Users\Fran\DSoftware\esiusuarios\target\classes started by Fran in C:\Users\Fran\DSoftware)
2026-05-09T21:15:04.299+02:00  INFO 11620 --- [esiusuarios] [main] e.e.d.e.EsiusuariosApplication           : No active profile set, falling back to 1 default profile: "default"
2026-05-09T21:15:05.141+02:00  INFO 11620 --- [esiusuarios] [main] .s.d.r.c.RepositoryConfigurationDelegate : Bootstrapping Spring Data JPA repositories in DEFAULT mode.
2026-05-09T21:15:05.232+02:00  INFO 11620 --- [esiusuarios] [main] .s.d.r.c.RepositoryConfigurationDelegate : Finished Spring Data repository scanning in 74 ms. Found 1 JPA repository interface.
2026-05-09T21:15:05.541+02:00  INFO 11620 --- [esiusuarios] [main] ptablePropertiesBeanFactoryPostProcessor : Post-processing PropertySource instances
2026-05-09T21:15:05.541+02:00  INFO 11620 --- [esiusuarios] [main] c.u.j.EncryptablePropertySourceConverter : Skipping PropertySource configurationProperties [class org.springframework.boot.context.properties.source.ConfigurationPropertySourcesPropertySource
2026-05-09T21:15:05.548+02:00  INFO 11620 --- [esiusuarios] [main] c.u.j.EncryptablePropertySourceConverter : Skipping PropertySource servletConfigInitParams [class org.springframework.core.env.PropertySource$StubPropertySource
2026-05-09T21:15:05.548+02:00  INFO 11620 --- [esiusuarios] [main] c.u.j.EncryptablePropertySourceConverter : Skipping PropertySource servletContextInitParams [class org.springframework.core.env.PropertySource$StubPropertySource
2026-05-09T21:15:05.548+02:00  INFO 11620 --- [esiusuarios] [main] c.u.j.EncryptablePropertySourceConverter : Converting PropertySource systemProperties [org.springframework.core.env.PropertiesPropertySource] to EncryptableMapPropertySourceWrapper
2026-05-09T21:15:05.548+02:00  INFO 11620 --- [esiusuarios] [main] c.u.j.EncryptablePropertySourceConverter : Converting PropertySource systemEnvironment [org.springframework.boot.env.SystemEnvironmentPropertySourceEnvironmentPostProcessor$OriginAwareSystemEnvironmentPropertySource] to EncryptableSystemEnvironmentPropertySourceWrapper
2026-05-09T21:15:05.548+02:00  INFO 11620 --- [esiusuarios] [main] c.u.j.EncryptablePropertySourceConverter : Converting PropertySource random [org.springframework.boot.env.RandomValuePropertySource] to EncryptablePropertySourceWrapper
2026-05-09T21:15:05.548+02:00  INFO 11620 --- [esiusuarios] [main] c.u.j.EncryptablePropertySourceConverter : Converting PropertySource Config resource 'class path resource [application.properties]' via location 'optional:classpath:/' [org.springframework.boot.env.OriginTrackedMapPropertySource] to EncryptableMapPropertySourceWrapper
2026-05-09T21:15:05.702+02:00  INFO 11620 --- [esiusuarios] [main] c.u.j.filter.DefaultLazyPropertyFilter   : Property Filter custom Bean not found with name 'encryptablePropertyFilter'. Initializing Default Property Filter
2026-05-09T21:15:05.722+02:00  INFO 11620 --- [esiusuarios] [main] c.u.j.r.DefaultLazyPropertyResolver      : Property Resolver custom Bean not found with name 'encryptablePropertyResolver'. Initializing Default Property Resolver
2026-05-09T21:15:05.724+02:00  INFO 11620 --- [esiusuarios] [main] c.u.j.d.DefaultLazyPropertyDetector      : Property Detector custom Bean not found with name 'encryptablePropertyDetector'. Initializing Default Property Detector
2026-05-09T21:15:06.097+02:00  INFO 11620 --- [esiusuarios] [main] o.s.b.w.embedded.tomcat.TomcatWebServer  : Tomcat initialized with port 8081 (http)
2026-05-09T21:15:06.114+02:00  INFO 11620 --- [esiusuarios] [main] o.apache.catalina.core.StandardService   : Starting service [Tomcat]
2026-05-09T21:15:06.115+02:00  INFO 11620 --- [esiusuarios] [main] o.apache.catalina.core.StandardEngine    : Starting Servlet engine: [Apache Tomcat/10.1.31]
2026-05-09T21:15:06.199+02:00  INFO 11620 --- [esiusuarios] [main] o.a.c.c.C.[Tomcat].[localhost].[/]       : Initializing Spring embedded WebApplicationContext
2026-05-09T21:15:06.200+02:00  INFO 11620 --- [esiusuarios] [main] w.s.c.ServletWebServerApplicationContext : Root WebApplicationContext: initialization completed in 1854 ms
2026-05-09T21:15:06.523+02:00  INFO 11620 --- [esiusuarios] [main] o.hibernate.jpa.internal.util.LogHelper  : HHH000204: Processing PersistenceUnitInfo [name: default]
2026-05-09T21:15:06.612+02:00  INFO 11620 --- [esiusuarios] [main] org.hibernate.Version                    : HHH000412: Hibernate ORM core version 6.5.3.Final
2026-05-09T21:15:06.665+02:00  INFO 11620 --- [esiusuarios] [main] o.h.c.internal.RegionFactoryInitiator    : HHH000026: Second-level cache disabled
2026-05-09T21:15:07.051+02:00  INFO 11620 --- [esiusuarios] [main] o.s.o.j.p.SpringPersistenceUnitInfo      : No LoadTimeWeaver setup: ignoring JPA class transformer
2026-05-09T21:15:07.098+02:00  INFO 11620 --- [esiusuarios] [main] com.zaxxer.hikari.HikariDataSource       : HikariPool-1 - Starting...
2026-05-09T21:15:07.485+02:00  INFO 11620 --- [esiusuarios] [main] com.zaxxer.hikari.pool.HikariPool        : HikariPool-1 - Added connection ConnectionID:1 ClientConnectionId: 7c4c6431-8dc8-4f32-a9de-acfad2c1bad0
2026-05-09T21:15:07.488+02:00  INFO 11620 --- [esiusuarios] [main] com.zaxxer.hikari.HikariDataSource       : HikariPool-1 - Start completed.
2026-05-09T21:15:07.516+02:00  WARN 11620 --- [esiusuarios] [main] org.hibernate.orm.deprecation            : HHH90000025: SQLServer2016Dialect does not need to be specified explicitly using 'hibernate.dialect' (remove the property setting and it will be selected by default)
2026-05-09T21:15:07.516+02:00  WARN 11620 --- [esiusuarios] [main] org.hibernate.orm.deprecation            : HHH90000026: SQLServer2016Dialect has been deprecated; use org.hibernate.dialect.SQLServerDialect instead
2026-05-09T21:15:08.360+02:00  INFO 11620 --- [esiusuarios] [main] o.h.e.t.j.p.i.JtaPlatformInitiator       : HHH000489: No JTA platform available (set 'hibernate.transaction.jta.platform' to enable JTA platform integration)
2026-05-09T21:15:08.505+02:00  INFO 11620 --- [esiusuarios] [main] j.LocalContainerEntityManagerFactoryBean : Initialized JPA EntityManagerFactory for persistence unit 'default'
2026-05-09T21:15:08.873+02:00  INFO 11620 --- [esiusuarios] [main] o.s.d.j.r.query.QueryEnhancerFactory     : Hibernate is in classpath; If applicable, HQL parser will be used.
2026-05-09T21:15:09.525+02:00  WARN 11620 --- [esiusuarios] [main] JpaBaseConfiguration$JpaWebConfiguration : spring.jpa.open-in-view is enabled by default. Therefore, database queries may be performed during view rendering. Explicitly configure spring.jpa.open-in-view to disable this warning
2026-05-09T21:15:09.577+02:00  WARN 11620 --- [esiusuarios] [main] .s.s.UserDetailsServiceAutoConfiguration : 

Using generated security password: 255a7cf8-2591-4407-aa11-9cf3d4976b8d

This generated password is for development use only. Your security configuration must be updated before running your application in production.

2026-05-09T21:15:09.592+02:00  INFO 11620 --- [esiusuarios] [main] r$InitializeUserDetailsManagerConfigurer : Global AuthenticationManager configured with UserDetailsService bean with name inMemoryUserDetailsManager
2026-05-09T21:15:09.708+02:00 DEBUG 11620 --- [esiusuarios] [main] o.s.s.web.DefaultSecurityFilterChain     : Will secure any request with filters: DisableEncodeUrlFilter, WebAsyncManagerIntegrationFilter, SecurityContextHolderFilter, HeaderWriterFilter, CorsFilter, LogoutFilter, RequestCacheAwareFilter, SecurityContextHolderAwareRequestFilter, AnonymousAuthenticationFilter, ExceptionTranslationFilter, AuthorizationFilter
2026-05-09T21:15:10.330+02:00  INFO 11620 --- [esiusuarios] [main] o.s.b.w.embedded.tomcat.TomcatWebServer  : Tomcat started on port 8081 (http) with context path '/'
2026-05-09T21:15:10.330+02:00  INFO 11620 --- [esiusuarios] [main] u.j.c.RefreshScopeRefreshedEventListener : Refreshing cached encryptable property sources on ServletWebServerInitializedEvent
2026-05-09T21:15:10.330+02:00  INFO 11620 --- [esiusuarios] [main] CachingDelegateEncryptablePropertySource : Property Source systemProperties refreshed
2026-05-09T21:15:10.330+02:00  INFO 11620 --- [esiusuarios] [main] CachingDelegateEncryptablePropertySource : Property Source systemEnvironment refreshed
2026-05-09T21:15:10.330+02:00  INFO 11620 --- [esiusuarios] [main] CachingDelegateEncryptablePropertySource : Property Source random refreshed
2026-05-09T21:15:10.330+02:00  INFO 11620 --- [esiusuarios] [main] CachingDelegateEncryptablePropertySource : Property Source Config resource 'class path resource [application.properties]' via location 'optional:classpath:/' refreshed
2026-05-09T21:15:10.330+02:00  INFO 11620 --- [esiusuarios] [main] c.u.j.EncryptablePropertySourceConverter : Skipping PropertySource configurationProperties [class org.springframework.boot.context.properties.source.ConfigurationPropertySourcesPropertySource
2026-05-09T21:15:10.330+02:00  INFO 11620 --- [esiusuarios] [main] c.u.j.EncryptablePropertySourceConverter : Skipping PropertySource servletConfigInitParams [class org.springframework.core.env.PropertySource$StubPropertySource
2026-05-09T21:15:10.330+02:00  INFO 11620 --- [esiusuarios] [main] c.u.j.EncryptablePropertySourceConverter : Converting PropertySource servletContextInitParams [org.springframework.web.context.support.ServletContextPropertySource] to EncryptableEnumerablePropertySourceWrapper
2026-05-09T21:15:10.348+02:00  INFO 11620 --- [esiusuarios] [main] e.e.d.e.EsiusuariosApplication           : Started EsiusuariosApplication in 6.469 seconds (process running for 6.873)
2026-05-09T21:17:35.463+02:00  INFO 11620 --- [esiusuarios] [SpringApplicationShutdownHook] j.LocalContainerEntityManagerFactoryBean : Closing JPA EntityManagerFactory for persistence unit 'default'
2026-05-09T21:17:35.466+02:00  INFO 11620 --- [esiusuarios] [SpringApplicationShutdownHook] com.zaxxer.hikari.HikariDataSource       : HikariPool-1 - Shutdown initiated...
2026-05-09T21:17:35.471+02:00  INFO 11620 --- [esiusuarios] [SpringApplicationShutdownHook] com.zaxxer.hikari.HikariDataSource       : HikariPool-1 - Shutdown completed.
2026-05-09T21:25:55.211+02:00  INFO 27204 --- [esiusuarios] [main] e.e.d.e.EsiusuariosApplication           : Starting EsiusuariosApplication using Java 17.0.19 with PID 27204 (C:\Users\Fran\DSoftware\esiusuarios\target\classes started by Fran in C:\Users\Fran\DSoftware)
2026-05-09T21:25:55.215+02:00  INFO 27204 --- [esiusuarios] [main] e.e.d.e.EsiusuariosApplication           : No active profile set, falling back to 1 default profile: "default"
2026-05-09T21:25:55.969+02:00  INFO 27204 --- [esiusuarios] [main] .s.d.r.c.RepositoryConfigurationDelegate : Bootstrapping Spring Data JPA repositories in DEFAULT mode.
2026-05-09T21:25:56.050+02:00  INFO 27204 --- [esiusuarios] [main] .s.d.r.c.RepositoryConfigurationDelegate : Finished Spring Data repository scanning in 66 ms. Found 1 JPA repository interface.
2026-05-09T21:25:56.366+02:00  INFO 27204 --- [esiusuarios] [main] ptablePropertiesBeanFactoryPostProcessor : Post-processing PropertySource instances
2026-05-09T21:25:56.368+02:00  INFO 27204 --- [esiusuarios] [main] c.u.j.EncryptablePropertySourceConverter : Skipping PropertySource configurationProperties [class org.springframework.boot.context.properties.source.ConfigurationPropertySourcesPropertySource
2026-05-09T21:25:56.369+02:00  INFO 27204 --- [esiusuarios] [main] c.u.j.EncryptablePropertySourceConverter : Skipping PropertySource servletConfigInitParams [class org.springframework.core.env.PropertySource$StubPropertySource
2026-05-09T21:25:56.371+02:00  INFO 27204 --- [esiusuarios] [main] c.u.j.EncryptablePropertySourceConverter : Skipping PropertySource servletContextInitParams [class org.springframework.core.env.PropertySource$StubPropertySource
2026-05-09T21:25:56.372+02:00  INFO 27204 --- [esiusuarios] [main] c.u.j.EncryptablePropertySourceConverter : Converting PropertySource systemProperties [org.springframework.core.env.PropertiesPropertySource] to EncryptableMapPropertySourceWrapper
2026-05-09T21:25:56.373+02:00  INFO 27204 --- [esiusuarios] [main] c.u.j.EncryptablePropertySourceConverter : Converting PropertySource systemEnvironment [org.springframework.boot.env.SystemEnvironmentPropertySourceEnvironmentPostProcessor$OriginAwareSystemEnvironmentPropertySource] to EncryptableSystemEnvironmentPropertySourceWrapper
2026-05-09T21:25:56.373+02:00  INFO 27204 --- [esiusuarios] [main] c.u.j.EncryptablePropertySourceConverter : Converting PropertySource random [org.springframework.boot.env.RandomValuePropertySource] to EncryptablePropertySourceWrapper
2026-05-09T21:25:56.373+02:00  INFO 27204 --- [esiusuarios] [main] c.u.j.EncryptablePropertySourceConverter : Converting PropertySource Config resource 'class path resource [application.properties]' via location 'optional:classpath:/' [org.springframework.boot.env.OriginTrackedMapPropertySource] to EncryptableMapPropertySourceWrapper
2026-05-09T21:25:56.562+02:00  INFO 27204 --- [esiusuarios] [main] c.u.j.filter.DefaultLazyPropertyFilter   : Property Filter custom Bean not found with name 'encryptablePropertyFilter'. Initializing Default Property Filter
2026-05-09T21:25:56.582+02:00  INFO 27204 --- [esiusuarios] [main] c.u.j.r.DefaultLazyPropertyResolver      : Property Resolver custom Bean not found with name 'encryptablePropertyResolver'. Initializing Default Property Resolver
2026-05-09T21:25:56.584+02:00  INFO 27204 --- [esiusuarios] [main] c.u.j.d.DefaultLazyPropertyDetector      : Property Detector custom Bean not found with name 'encryptablePropertyDetector'. Initializing Default Property Detector
2026-05-09T21:25:56.936+02:00  INFO 27204 --- [esiusuarios] [main] o.s.b.w.embedded.tomcat.TomcatWebServer  : Tomcat initialized with port 8081 (http)
2026-05-09T21:25:56.954+02:00  INFO 27204 --- [esiusuarios] [main] o.apache.catalina.core.StandardService   : Starting service [Tomcat]
2026-05-09T21:25:56.955+02:00  INFO 27204 --- [esiusuarios] [main] o.apache.catalina.core.StandardEngine    : Starting Servlet engine: [Apache Tomcat/10.1.31]
2026-05-09T21:25:57.057+02:00  INFO 27204 --- [esiusuarios] [main] o.a.c.c.C.[Tomcat].[localhost].[/]       : Initializing Spring embedded WebApplicationContext
2026-05-09T21:25:57.058+02:00  INFO 27204 --- [esiusuarios] [main] w.s.c.ServletWebServerApplicationContext : Root WebApplicationContext: initialization completed in 1795 ms
2026-05-09T21:25:57.379+02:00  INFO 27204 --- [esiusuarios] [main] o.hibernate.jpa.internal.util.LogHelper  : HHH000204: Processing PersistenceUnitInfo [name: default]
2026-05-09T21:25:57.541+02:00  INFO 27204 --- [esiusuarios] [main] org.hibernate.Version                    : HHH000412: Hibernate ORM core version 6.5.3.Final
2026-05-09T21:25:57.590+02:00  INFO 27204 --- [esiusuarios] [main] o.h.c.internal.RegionFactoryInitiator    : HHH000026: Second-level cache disabled
2026-05-09T21:25:57.973+02:00  INFO 27204 --- [esiusuarios] [main] o.s.o.j.p.SpringPersistenceUnitInfo      : No LoadTimeWeaver setup: ignoring JPA class transformer
2026-05-09T21:25:58.020+02:00  INFO 27204 --- [esiusuarios] [main] com.zaxxer.hikari.HikariDataSource       : HikariPool-1 - Starting...
2026-05-09T21:25:58.388+02:00  INFO 27204 --- [esiusuarios] [main] com.zaxxer.hikari.pool.HikariPool        : HikariPool-1 - Added connection ConnectionID:1 ClientConnectionId: 2366c6ca-6d59-46f7-80ef-af78b00507fd
2026-05-09T21:25:58.396+02:00  INFO 27204 --- [esiusuarios] [main] com.zaxxer.hikari.HikariDataSource       : HikariPool-1 - Start completed.
2026-05-09T21:25:58.423+02:00  WARN 27204 --- [esiusuarios] [main] org.hibernate.orm.deprecation            : HHH90000025: SQLServer2016Dialect does not need to be specified explicitly using 'hibernate.dialect' (remove the property setting and it will be selected by default)
2026-05-09T21:25:58.425+02:00  WARN 27204 --- [esiusuarios] [main] org.hibernate.orm.deprecation            : HHH90000026: SQLServer2016Dialect has been deprecated; use org.hibernate.dialect.SQLServerDialect instead
2026-05-09T21:25:59.277+02:00  INFO 27204 --- [esiusuarios] [main] o.h.e.t.j.p.i.JtaPlatformInitiator       : HHH000489: No JTA platform available (set 'hibernate.transaction.jta.platform' to enable JTA platform integration)
2026-05-09T21:25:59.374+02:00  INFO 27204 --- [esiusuarios] [main] j.LocalContainerEntityManagerFactoryBean : Initialized JPA EntityManagerFactory for persistence unit 'default'
2026-05-09T21:25:59.734+02:00  INFO 27204 --- [esiusuarios] [main] o.s.d.j.r.query.QueryEnhancerFactory     : Hibernate is in classpath; If applicable, HQL parser will be used.
2026-05-09T21:26:00.376+02:00  WARN 27204 --- [esiusuarios] [main] JpaBaseConfiguration$JpaWebConfiguration : spring.jpa.open-in-view is enabled by default. Therefore, database queries may be performed during view rendering. Explicitly configure spring.jpa.open-in-view to disable this warning
2026-05-09T21:26:00.416+02:00  WARN 27204 --- [esiusuarios] [main] .s.s.UserDetailsServiceAutoConfiguration : 

Using generated security password: 957d98fb-14f5-4325-bd14-c503abcfc396

This generated password is for development use only. Your security configuration must be updated before running your application in production.

2026-05-09T21:26:00.435+02:00  INFO 27204 --- [esiusuarios] [main] r$InitializeUserDetailsManagerConfigurer : Global AuthenticationManager configured with UserDetailsService bean with name inMemoryUserDetailsManager
2026-05-09T21:26:00.561+02:00 DEBUG 27204 --- [esiusuarios] [main] o.s.s.web.DefaultSecurityFilterChain     : Will secure any request with filters: DisableEncodeUrlFilter, WebAsyncManagerIntegrationFilter, SecurityContextHolderFilter, HeaderWriterFilter, CorsFilter, LogoutFilter, RequestCacheAwareFilter, SecurityContextHolderAwareRequestFilter, AnonymousAuthenticationFilter, ExceptionTranslationFilter, AuthorizationFilter
2026-05-09T21:26:01.182+02:00  INFO 27204 --- [esiusuarios] [main] o.s.b.w.embedded.tomcat.TomcatWebServer  : Tomcat started on port 8081 (http) with context path '/'
2026-05-09T21:26:01.185+02:00  INFO 27204 --- [esiusuarios] [main] u.j.c.RefreshScopeRefreshedEventListener : Refreshing cached encryptable property sources on ServletWebServerInitializedEvent
2026-05-09T21:26:01.186+02:00  INFO 27204 --- [esiusuarios] [main] CachingDelegateEncryptablePropertySource : Property Source systemProperties refreshed
2026-05-09T21:26:01.186+02:00  INFO 27204 --- [esiusuarios] [main] CachingDelegateEncryptablePropertySource : Property Source systemEnvironment refreshed
2026-05-09T21:26:01.186+02:00  INFO 27204 --- [esiusuarios] [main] CachingDelegateEncryptablePropertySource : Property Source random refreshed
2026-05-09T21:26:01.186+02:00  INFO 27204 --- [esiusuarios] [main] CachingDelegateEncryptablePropertySource : Property Source Config resource 'class path resource [application.properties]' via location 'optional:classpath:/' refreshed
2026-05-09T21:26:01.186+02:00  INFO 27204 --- [esiusuarios] [main] c.u.j.EncryptablePropertySourceConverter : Skipping PropertySource configurationProperties [class org.springframework.boot.context.properties.source.ConfigurationPropertySourcesPropertySource
2026-05-09T21:26:01.186+02:00  INFO 27204 --- [esiusuarios] [main] c.u.j.EncryptablePropertySourceConverter : Skipping PropertySource servletConfigInitParams [class org.springframework.core.env.PropertySource$StubPropertySource
2026-05-09T21:26:01.187+02:00  INFO 27204 --- [esiusuarios] [main] c.u.j.EncryptablePropertySourceConverter : Converting PropertySource servletContextInitParams [org.springframework.web.context.support.ServletContextPropertySource] to EncryptableEnumerablePropertySourceWrapper
2026-05-09T21:26:01.198+02:00  INFO 27204 --- [esiusuarios] [main] e.e.d.e.EsiusuariosApplication           : Started EsiusuariosApplication in 6.387 seconds (process running for 6.782)
2026-05-09T21:31:21.892+02:00  INFO 27204 --- [esiusuarios] [SpringApplicationShutdownHook] j.LocalContainerEntityManagerFactoryBean : Closing JPA EntityManagerFactory for persistence unit 'default'
2026-05-09T21:31:21.894+02:00  INFO 27204 --- [esiusuarios] [SpringApplicationShutdownHook] com.zaxxer.hikari.HikariDataSource       : HikariPool-1 - Shutdown initiated...
2026-05-09T21:31:21.898+02:00  INFO 27204 --- [esiusuarios] [SpringApplicationShutdownHook] com.zaxxer.hikari.HikariDataSource       : HikariPool-1 - Shutdown completed.
2026-05-09T21:31:28.151+02:00  INFO 14544 --- [esiusuarios] [main] e.e.d.e.EsiusuariosApplication           : Starting EsiusuariosApplication using Java 17.0.19 with PID 14544 (C:\Users\Fran\DSoftware\esiusuarios\target\classes started by Fran in C:\Users\Fran\DSoftware)
2026-05-09T21:31:28.153+02:00  INFO 14544 --- [esiusuarios] [main] e.e.d.e.EsiusuariosApplication           : No active profile set, falling back to 1 default profile: "default"
2026-05-09T21:31:28.957+02:00  INFO 14544 --- [esiusuarios] [main] .s.d.r.c.RepositoryConfigurationDelegate : Bootstrapping Spring Data JPA repositories in DEFAULT mode.
2026-05-09T21:31:29.039+02:00  INFO 14544 --- [esiusuarios] [main] .s.d.r.c.RepositoryConfigurationDelegate : Finished Spring Data repository scanning in 64 ms. Found 1 JPA repository interface.
2026-05-09T21:31:29.386+02:00  INFO 14544 --- [esiusuarios] [main] ptablePropertiesBeanFactoryPostProcessor : Post-processing PropertySource instances
2026-05-09T21:31:29.388+02:00  INFO 14544 --- [esiusuarios] [main] c.u.j.EncryptablePropertySourceConverter : Skipping PropertySource configurationProperties [class org.springframework.boot.context.properties.source.ConfigurationPropertySourcesPropertySource
2026-05-09T21:31:29.390+02:00  INFO 14544 --- [esiusuarios] [main] c.u.j.EncryptablePropertySourceConverter : Skipping PropertySource servletConfigInitParams [class org.springframework.core.env.PropertySource$StubPropertySource
2026-05-09T21:31:29.391+02:00  INFO 14544 --- [esiusuarios] [main] c.u.j.EncryptablePropertySourceConverter : Skipping PropertySource servletContextInitParams [class org.springframework.core.env.PropertySource$StubPropertySource
2026-05-09T21:31:29.392+02:00  INFO 14544 --- [esiusuarios] [main] c.u.j.EncryptablePropertySourceConverter : Converting PropertySource systemProperties [org.springframework.core.env.PropertiesPropertySource] to EncryptableMapPropertySourceWrapper
2026-05-09T21:31:29.392+02:00  INFO 14544 --- [esiusuarios] [main] c.u.j.EncryptablePropertySourceConverter : Converting PropertySource systemEnvironment [org.springframework.boot.env.SystemEnvironmentPropertySourceEnvironmentPostProcessor$OriginAwareSystemEnvironmentPropertySource] to EncryptableSystemEnvironmentPropertySourceWrapper
2026-05-09T21:31:29.392+02:00  INFO 14544 --- [esiusuarios] [main] c.u.j.EncryptablePropertySourceConverter : Converting PropertySource random [org.springframework.boot.env.RandomValuePropertySource] to EncryptablePropertySourceWrapper
2026-05-09T21:31:29.392+02:00  INFO 14544 --- [esiusuarios] [main] c.u.j.EncryptablePropertySourceConverter : Converting PropertySource Config resource 'class path resource [application.properties]' via location 'optional:classpath:/' [org.springframework.boot.env.OriginTrackedMapPropertySource] to EncryptableMapPropertySourceWrapper
2026-05-09T21:31:29.616+02:00  INFO 14544 --- [esiusuarios] [main] c.u.j.filter.DefaultLazyPropertyFilter   : Property Filter custom Bean not found with name 'encryptablePropertyFilter'. Initializing Default Property Filter
2026-05-09T21:31:29.635+02:00  INFO 14544 --- [esiusuarios] [main] c.u.j.r.DefaultLazyPropertyResolver      : Property Resolver custom Bean not found with name 'encryptablePropertyResolver'. Initializing Default Property Resolver
2026-05-09T21:31:29.637+02:00  INFO 14544 --- [esiusuarios] [main] c.u.j.d.DefaultLazyPropertyDetector      : Property Detector custom Bean not found with name 'encryptablePropertyDetector'. Initializing Default Property Detector
2026-05-09T21:31:29.964+02:00  INFO 14544 --- [esiusuarios] [main] o.s.b.w.embedded.tomcat.TomcatWebServer  : Tomcat initialized with port 8081 (http)
2026-05-09T21:31:29.979+02:00  INFO 14544 --- [esiusuarios] [main] o.apache.catalina.core.StandardService   : Starting service [Tomcat]
2026-05-09T21:31:29.979+02:00  INFO 14544 --- [esiusuarios] [main] o.apache.catalina.core.StandardEngine    : Starting Servlet engine: [Apache Tomcat/10.1.31]
2026-05-09T21:31:30.067+02:00  INFO 14544 --- [esiusuarios] [main] o.a.c.c.C.[Tomcat].[localhost].[/]       : Initializing Spring embedded WebApplicationContext
2026-05-09T21:31:30.068+02:00  INFO 14544 --- [esiusuarios] [main] w.s.c.ServletWebServerApplicationContext : Root WebApplicationContext: initialization completed in 1869 ms
2026-05-09T21:31:30.412+02:00  INFO 14544 --- [esiusuarios] [main] o.hibernate.jpa.internal.util.LogHelper  : HHH000204: Processing PersistenceUnitInfo [name: default]
2026-05-09T21:31:30.491+02:00  INFO 14544 --- [esiusuarios] [main] org.hibernate.Version                    : HHH000412: Hibernate ORM core version 6.5.3.Final
2026-05-09T21:31:30.555+02:00  INFO 14544 --- [esiusuarios] [main] o.h.c.internal.RegionFactoryInitiator    : HHH000026: Second-level cache disabled
2026-05-09T21:31:30.903+02:00  INFO 14544 --- [esiusuarios] [main] o.s.o.j.p.SpringPersistenceUnitInfo      : No LoadTimeWeaver setup: ignoring JPA class transformer
2026-05-09T21:31:30.946+02:00  INFO 14544 --- [esiusuarios] [main] com.zaxxer.hikari.HikariDataSource       : HikariPool-1 - Starting...
2026-05-09T21:31:31.310+02:00  INFO 14544 --- [esiusuarios] [main] com.zaxxer.hikari.pool.HikariPool        : HikariPool-1 - Added connection ConnectionID:1 ClientConnectionId: 5c6fe552-215d-423d-b1a5-f535f104e075
2026-05-09T21:31:31.312+02:00  INFO 14544 --- [esiusuarios] [main] com.zaxxer.hikari.HikariDataSource       : HikariPool-1 - Start completed.
2026-05-09T21:31:31.342+02:00  WARN 14544 --- [esiusuarios] [main] org.hibernate.orm.deprecation            : HHH90000025: SQLServer2016Dialect does not need to be specified explicitly using 'hibernate.dialect' (remove the property setting and it will be selected by default)
2026-05-09T21:31:31.347+02:00  WARN 14544 --- [esiusuarios] [main] org.hibernate.orm.deprecation            : HHH90000026: SQLServer2016Dialect has been deprecated; use org.hibernate.dialect.SQLServerDialect instead
2026-05-09T21:31:32.242+02:00  INFO 14544 --- [esiusuarios] [main] o.h.e.t.j.p.i.JtaPlatformInitiator       : HHH000489: No JTA platform available (set 'hibernate.transaction.jta.platform' to enable JTA platform integration)
2026-05-09T21:31:32.347+02:00  INFO 14544 --- [esiusuarios] [main] j.LocalContainerEntityManagerFactoryBean : Initialized JPA EntityManagerFactory for persistence unit 'default'
2026-05-09T21:31:32.776+02:00  INFO 14544 --- [esiusuarios] [main] o.s.d.j.r.query.QueryEnhancerFactory     : Hibernate is in classpath; If applicable, HQL parser will be used.
2026-05-09T21:31:33.396+02:00  WARN 14544 --- [esiusuarios] [main] JpaBaseConfiguration$JpaWebConfiguration : spring.jpa.open-in-view is enabled by default. Therefore, database queries may be performed during view rendering. Explicitly configure spring.jpa.open-in-view to disable this warning
2026-05-09T21:31:33.451+02:00  WARN 14544 --- [esiusuarios] [main] .s.s.UserDetailsServiceAutoConfiguration : 

Using generated security password: 5e8255ee-75b1-4e16-b44e-3f00b6c9149d

This generated password is for development use only. Your security configuration must be updated before running your application in production.

2026-05-09T21:31:33.465+02:00  INFO 14544 --- [esiusuarios] [main] r$InitializeUserDetailsManagerConfigurer : Global AuthenticationManager configured with UserDetailsService bean with name inMemoryUserDetailsManager
2026-05-09T21:31:33.605+02:00 DEBUG 14544 --- [esiusuarios] [main] o.s.s.web.DefaultSecurityFilterChain     : Will secure any request with filters: DisableEncodeUrlFilter, WebAsyncManagerIntegrationFilter, SecurityContextHolderFilter, HeaderWriterFilter, CorsFilter, LogoutFilter, RequestCacheAwareFilter, SecurityContextHolderAwareRequestFilter, AnonymousAuthenticationFilter, ExceptionTranslationFilter, AuthorizationFilter
2026-05-09T21:31:34.222+02:00  INFO 14544 --- [esiusuarios] [main] o.s.b.w.embedded.tomcat.TomcatWebServer  : Tomcat started on port 8081 (http) with context path '/'
2026-05-09T21:31:34.226+02:00  INFO 14544 --- [esiusuarios] [main] u.j.c.RefreshScopeRefreshedEventListener : Refreshing cached encryptable property sources on ServletWebServerInitializedEvent
2026-05-09T21:31:34.226+02:00  INFO 14544 --- [esiusuarios] [main] CachingDelegateEncryptablePropertySource : Property Source systemProperties refreshed
2026-05-09T21:31:34.226+02:00  INFO 14544 --- [esiusuarios] [main] CachingDelegateEncryptablePropertySource : Property Source systemEnvironment refreshed
2026-05-09T21:31:34.226+02:00  INFO 14544 --- [esiusuarios] [main] CachingDelegateEncryptablePropertySource : Property Source random refreshed
2026-05-09T21:31:34.226+02:00  INFO 14544 --- [esiusuarios] [main] CachingDelegateEncryptablePropertySource : Property Source Config resource 'class path resource [application.properties]' via location 'optional:classpath:/' refreshed
2026-05-09T21:31:34.226+02:00  INFO 14544 --- [esiusuarios] [main] c.u.j.EncryptablePropertySourceConverter : Skipping PropertySource configurationProperties [class org.springframework.boot.context.properties.source.ConfigurationPropertySourcesPropertySource
2026-05-09T21:31:34.226+02:00  INFO 14544 --- [esiusuarios] [main] c.u.j.EncryptablePropertySourceConverter : Skipping PropertySource servletConfigInitParams [class org.springframework.core.env.PropertySource$StubPropertySource
2026-05-09T21:31:34.228+02:00  INFO 14544 --- [esiusuarios] [main] c.u.j.EncryptablePropertySourceConverter : Converting PropertySource servletContextInitParams [org.springframework.web.context.support.ServletContextPropertySource] to EncryptableEnumerablePropertySourceWrapper
2026-05-09T21:31:34.240+02:00  INFO 14544 --- [esiusuarios] [main] e.e.d.e.EsiusuariosApplication           : Started EsiusuariosApplication in 6.504 seconds (process running for 6.913)
2026-05-09T21:31:44.061+02:00  INFO 25024 --- [esiusuarios] [main] e.e.d.e.EsiusuariosApplication           : Starting EsiusuariosApplication using Java 17.0.19 with PID 25024 (C:\Users\Fran\DSoftware\esiusuarios\target\classes started by Fran in C:\Users\Fran\DSoftware)
2026-05-09T21:31:44.063+02:00  INFO 25024 --- [esiusuarios] [main] e.e.d.e.EsiusuariosApplication           : No active profile set, falling back to 1 default profile: "default"
2026-05-09T21:31:44.806+02:00  INFO 25024 --- [esiusuarios] [main] .s.d.r.c.RepositoryConfigurationDelegate : Bootstrapping Spring Data JPA repositories in DEFAULT mode.
2026-05-09T21:31:44.887+02:00  INFO 25024 --- [esiusuarios] [main] .s.d.r.c.RepositoryConfigurationDelegate : Finished Spring Data repository scanning in 65 ms. Found 1 JPA repository interface.
2026-05-09T21:31:45.253+02:00  INFO 25024 --- [esiusuarios] [main] ptablePropertiesBeanFactoryPostProcessor : Post-processing PropertySource instances
2026-05-09T21:31:45.255+02:00  INFO 25024 --- [esiusuarios] [main] c.u.j.EncryptablePropertySourceConverter : Skipping PropertySource configurationProperties [class org.springframework.boot.context.properties.source.ConfigurationPropertySourcesPropertySource
2026-05-09T21:31:45.258+02:00  INFO 25024 --- [esiusuarios] [main] c.u.j.EncryptablePropertySourceConverter : Skipping PropertySource servletConfigInitParams [class org.springframework.core.env.PropertySource$StubPropertySource
2026-05-09T21:31:45.258+02:00  INFO 25024 --- [esiusuarios] [main] c.u.j.EncryptablePropertySourceConverter : Skipping PropertySource servletContextInitParams [class org.springframework.core.env.PropertySource$StubPropertySource
2026-05-09T21:31:45.260+02:00  INFO 25024 --- [esiusuarios] [main] c.u.j.EncryptablePropertySourceConverter : Converting PropertySource systemProperties [org.springframework.core.env.PropertiesPropertySource] to EncryptableMapPropertySourceWrapper
2026-05-09T21:31:45.260+02:00  INFO 25024 --- [esiusuarios] [main] c.u.j.EncryptablePropertySourceConverter : Converting PropertySource systemEnvironment [org.springframework.boot.env.SystemEnvironmentPropertySourceEnvironmentPostProcessor$OriginAwareSystemEnvironmentPropertySource] to EncryptableSystemEnvironmentPropertySourceWrapper
2026-05-09T21:31:45.262+02:00  INFO 25024 --- [esiusuarios] [main] c.u.j.EncryptablePropertySourceConverter : Converting PropertySource random [org.springframework.boot.env.RandomValuePropertySource] to EncryptablePropertySourceWrapper
2026-05-09T21:31:45.262+02:00  INFO 25024 --- [esiusuarios] [main] c.u.j.EncryptablePropertySourceConverter : Converting PropertySource Config resource 'class path resource [application.properties]' via location 'optional:classpath:/' [org.springframework.boot.env.OriginTrackedMapPropertySource] to EncryptableMapPropertySourceWrapper
2026-05-09T21:31:45.425+02:00  INFO 25024 --- [esiusuarios] [main] c.u.j.filter.DefaultLazyPropertyFilter   : Property Filter custom Bean not found with name 'encryptablePropertyFilter'. Initializing Default Property Filter
2026-05-09T21:31:45.442+02:00  INFO 25024 --- [esiusuarios] [main] c.u.j.r.DefaultLazyPropertyResolver      : Property Resolver custom Bean not found with name 'encryptablePropertyResolver'. Initializing Default Property Resolver
2026-05-09T21:31:45.444+02:00  INFO 25024 --- [esiusuarios] [main] c.u.j.d.DefaultLazyPropertyDetector      : Property Detector custom Bean not found with name 'encryptablePropertyDetector'. Initializing Default Property Detector
2026-05-09T21:31:45.788+02:00  INFO 25024 --- [esiusuarios] [main] o.s.b.w.embedded.tomcat.TomcatWebServer  : Tomcat initialized with port 8081 (http)
2026-05-09T21:31:45.812+02:00  INFO 25024 --- [esiusuarios] [main] o.apache.catalina.core.StandardService   : Starting service [Tomcat]
2026-05-09T21:31:45.812+02:00  INFO 25024 --- [esiusuarios] [main] o.apache.catalina.core.StandardEngine    : Starting Servlet engine: [Apache Tomcat/10.1.31]
2026-05-09T21:31:45.895+02:00  INFO 25024 --- [esiusuarios] [main] o.a.c.c.C.[Tomcat].[localhost].[/]       : Initializing Spring embedded WebApplicationContext
2026-05-09T21:31:45.896+02:00  INFO 25024 --- [esiusuarios] [main] w.s.c.ServletWebServerApplicationContext : Root WebApplicationContext: initialization completed in 1787 ms
2026-05-09T21:31:46.249+02:00  INFO 25024 --- [esiusuarios] [main] o.hibernate.jpa.internal.util.LogHelper  : HHH000204: Processing PersistenceUnitInfo [name: default]
2026-05-09T21:31:46.308+02:00  INFO 25024 --- [esiusuarios] [main] org.hibernate.Version                    : HHH000412: Hibernate ORM core version 6.5.3.Final
2026-05-09T21:31:46.377+02:00  INFO 25024 --- [esiusuarios] [main] o.h.c.internal.RegionFactoryInitiator    : HHH000026: Second-level cache disabled
2026-05-09T21:31:52.052+02:00  INFO 14544 --- [esiusuarios] [SpringApplicationShutdownHook] j.LocalContainerEntityManagerFactoryBean : Closing JPA EntityManagerFactory for persistence unit 'default'
2026-05-09T21:31:52.052+02:00  INFO 14544 --- [esiusuarios] [SpringApplicationShutdownHook] com.zaxxer.hikari.HikariDataSource       : HikariPool-1 - Shutdown initiated...
2026-05-09T21:31:52.052+02:00  INFO 14544 --- [esiusuarios] [SpringApplicationShutdownHook] com.zaxxer.hikari.HikariDataSource       : HikariPool-1 - Shutdown completed.
2026-05-09T21:31:56.937+02:00  INFO 11924 --- [esiusuarios] [main] e.e.d.e.EsiusuariosApplication           : Starting EsiusuariosApplication using Java 17.0.19 with PID 11924 (C:\Users\Fran\DSoftware\esiusuarios\target\classes started by Fran in C:\Users\Fran\DSoftware)
2026-05-09T21:31:56.940+02:00  INFO 11924 --- [esiusuarios] [main] e.e.d.e.EsiusuariosApplication           : No active profile set, falling back to 1 default profile: "default"
2026-05-09T21:31:57.758+02:00  INFO 11924 --- [esiusuarios] [main] .s.d.r.c.RepositoryConfigurationDelegate : Bootstrapping Spring Data JPA repositories in DEFAULT mode.
2026-05-09T21:31:57.851+02:00  INFO 11924 --- [esiusuarios] [main] .s.d.r.c.RepositoryConfigurationDelegate : Finished Spring Data repository scanning in 68 ms. Found 1 JPA repository interface.
2026-05-09T21:31:58.165+02:00  INFO 11924 --- [esiusuarios] [main] ptablePropertiesBeanFactoryPostProcessor : Post-processing PropertySource instances
2026-05-09T21:31:58.166+02:00  INFO 11924 --- [esiusuarios] [main] c.u.j.EncryptablePropertySourceConverter : Skipping PropertySource configurationProperties [class org.springframework.boot.context.properties.source.ConfigurationPropertySourcesPropertySource
2026-05-09T21:31:58.168+02:00  INFO 11924 --- [esiusuarios] [main] c.u.j.EncryptablePropertySourceConverter : Skipping PropertySource servletConfigInitParams [class org.springframework.core.env.PropertySource$StubPropertySource
2026-05-09T21:31:58.168+02:00  INFO 11924 --- [esiusuarios] [main] c.u.j.EncryptablePropertySourceConverter : Skipping PropertySource servletContextInitParams [class org.springframework.core.env.PropertySource$StubPropertySource
2026-05-09T21:31:58.171+02:00  INFO 11924 --- [esiusuarios] [main] c.u.j.EncryptablePropertySourceConverter : Converting PropertySource systemProperties [org.springframework.core.env.PropertiesPropertySource] to EncryptableMapPropertySourceWrapper
2026-05-09T21:31:58.171+02:00  INFO 11924 --- [esiusuarios] [main] c.u.j.EncryptablePropertySourceConverter : Converting PropertySource systemEnvironment [org.springframework.boot.env.SystemEnvironmentPropertySourceEnvironmentPostProcessor$OriginAwareSystemEnvironmentPropertySource] to EncryptableSystemEnvironmentPropertySourceWrapper
2026-05-09T21:31:58.171+02:00  INFO 11924 --- [esiusuarios] [main] c.u.j.EncryptablePropertySourceConverter : Converting PropertySource random [org.springframework.boot.env.RandomValuePropertySource] to EncryptablePropertySourceWrapper
2026-05-09T21:31:58.172+02:00  INFO 11924 --- [esiusuarios] [main] c.u.j.EncryptablePropertySourceConverter : Converting PropertySource Config resource 'class path resource [application.properties]' via location 'optional:classpath:/' [org.springframework.boot.env.OriginTrackedMapPropertySource] to EncryptableMapPropertySourceWrapper
2026-05-09T21:31:58.349+02:00  INFO 11924 --- [esiusuarios] [main] c.u.j.filter.DefaultLazyPropertyFilter   : Property Filter custom Bean not found with name 'encryptablePropertyFilter'. Initializing Default Property Filter
2026-05-09T21:31:58.361+02:00  INFO 11924 --- [esiusuarios] [main] c.u.j.r.DefaultLazyPropertyResolver      : Property Resolver custom Bean not found with name 'encryptablePropertyResolver'. Initializing Default Property Resolver
2026-05-09T21:31:58.369+02:00  INFO 11924 --- [esiusuarios] [main] c.u.j.d.DefaultLazyPropertyDetector      : Property Detector custom Bean not found with name 'encryptablePropertyDetector'. Initializing Default Property Detector
2026-05-09T21:31:58.710+02:00  INFO 11924 --- [esiusuarios] [main] o.s.b.w.embedded.tomcat.TomcatWebServer  : Tomcat initialized with port 8081 (http)
2026-05-09T21:31:58.727+02:00  INFO 11924 --- [esiusuarios] [main] o.apache.catalina.core.StandardService   : Starting service [Tomcat]
2026-05-09T21:31:58.727+02:00  INFO 11924 --- [esiusuarios] [main] o.apache.catalina.core.StandardEngine    : Starting Servlet engine: [Apache Tomcat/10.1.31]
2026-05-09T21:31:58.828+02:00  INFO 11924 --- [esiusuarios] [main] o.a.c.c.C.[Tomcat].[localhost].[/]       : Initializing Spring embedded WebApplicationContext
2026-05-09T21:31:58.828+02:00  INFO 11924 --- [esiusuarios] [main] w.s.c.ServletWebServerApplicationContext : Root WebApplicationContext: initialization completed in 1838 ms
2026-05-09T21:31:59.159+02:00  INFO 11924 --- [esiusuarios] [main] o.hibernate.jpa.internal.util.LogHelper  : HHH000204: Processing PersistenceUnitInfo [name: default]
2026-05-09T21:31:59.227+02:00  INFO 11924 --- [esiusuarios] [main] org.hibernate.Version                    : HHH000412: Hibernate ORM core version 6.5.3.Final
2026-05-09T21:31:59.271+02:00  INFO 11924 --- [esiusuarios] [main] o.h.c.internal.RegionFactoryInitiator    : HHH000026: Second-level cache disabled
2026-05-09T21:31:59.642+02:00  INFO 11924 --- [esiusuarios] [main] o.s.o.j.p.SpringPersistenceUnitInfo      : No LoadTimeWeaver setup: ignoring JPA class transformer
2026-05-09T21:31:59.680+02:00  INFO 11924 --- [esiusuarios] [main] com.zaxxer.hikari.HikariDataSource       : HikariPool-1 - Starting...
2026-05-09T21:32:00.077+02:00  INFO 11924 --- [esiusuarios] [main] com.zaxxer.hikari.pool.HikariPool        : HikariPool-1 - Added connection ConnectionID:1 ClientConnectionId: c28a3102-ab4d-416f-936a-d8b23f7c79eb
2026-05-09T21:32:00.083+02:00  INFO 11924 --- [esiusuarios] [main] com.zaxxer.hikari.HikariDataSource       : HikariPool-1 - Start completed.
2026-05-09T21:32:00.105+02:00  WARN 11924 --- [esiusuarios] [main] org.hibernate.orm.deprecation            : HHH90000025: SQLServer2016Dialect does not need to be specified explicitly using 'hibernate.dialect' (remove the property setting and it will be selected by default)
2026-05-09T21:32:00.105+02:00  WARN 11924 --- [esiusuarios] [main] org.hibernate.orm.deprecation            : HHH90000026: SQLServer2016Dialect has been deprecated; use org.hibernate.dialect.SQLServerDialect instead
2026-05-09T21:32:00.939+02:00  INFO 11924 --- [esiusuarios] [main] o.h.e.t.j.p.i.JtaPlatformInitiator       : HHH000489: No JTA platform available (set 'hibernate.transaction.jta.platform' to enable JTA platform integration)
2026-05-09T21:32:01.042+02:00  INFO 11924 --- [esiusuarios] [main] j.LocalContainerEntityManagerFactoryBean : Initialized JPA EntityManagerFactory for persistence unit 'default'
2026-05-09T21:32:01.401+02:00  INFO 11924 --- [esiusuarios] [main] o.s.d.j.r.query.QueryEnhancerFactory     : Hibernate is in classpath; If applicable, HQL parser will be used.
2026-05-09T21:32:02.065+02:00  WARN 11924 --- [esiusuarios] [main] JpaBaseConfiguration$JpaWebConfiguration : spring.jpa.open-in-view is enabled by default. Therefore, database queries may be performed during view rendering. Explicitly configure spring.jpa.open-in-view to disable this warning
2026-05-09T21:32:02.122+02:00  WARN 11924 --- [esiusuarios] [main] .s.s.UserDetailsServiceAutoConfiguration : 

Using generated security password: e31792bb-b434-4478-830d-1de409a8e918

This generated password is for development use only. Your security configuration must be updated before running your application in production.

2026-05-09T21:32:02.134+02:00  INFO 11924 --- [esiusuarios] [main] r$InitializeUserDetailsManagerConfigurer : Global AuthenticationManager configured with UserDetailsService bean with name inMemoryUserDetailsManager
2026-05-09T21:32:02.296+02:00 DEBUG 11924 --- [esiusuarios] [main] o.s.s.web.DefaultSecurityFilterChain     : Will secure any request with filters: DisableEncodeUrlFilter, WebAsyncManagerIntegrationFilter, SecurityContextHolderFilter, HeaderWriterFilter, CorsFilter, LogoutFilter, RequestCacheAwareFilter, SecurityContextHolderAwareRequestFilter, AnonymousAuthenticationFilter, ExceptionTranslationFilter, AuthorizationFilter
2026-05-09T21:32:02.940+02:00  INFO 11924 --- [esiusuarios] [main] o.s.b.w.embedded.tomcat.TomcatWebServer  : Tomcat started on port 8081 (http) with context path '/'
2026-05-09T21:32:02.940+02:00  INFO 11924 --- [esiusuarios] [main] u.j.c.RefreshScopeRefreshedEventListener : Refreshing cached encryptable property sources on ServletWebServerInitializedEvent
2026-05-09T21:32:02.940+02:00  INFO 11924 --- [esiusuarios] [main] CachingDelegateEncryptablePropertySource : Property Source systemProperties refreshed
2026-05-09T21:32:02.940+02:00  INFO 11924 --- [esiusuarios] [main] CachingDelegateEncryptablePropertySource : Property Source systemEnvironment refreshed
2026-05-09T21:32:02.940+02:00  INFO 11924 --- [esiusuarios] [main] CachingDelegateEncryptablePropertySource : Property Source random refreshed
2026-05-09T21:32:02.940+02:00  INFO 11924 --- [esiusuarios] [main] CachingDelegateEncryptablePropertySource : Property Source Config resource 'class path resource [application.properties]' via location 'optional:classpath:/' refreshed
2026-05-09T21:32:02.940+02:00  INFO 11924 --- [esiusuarios] [main] c.u.j.EncryptablePropertySourceConverter : Skipping PropertySource configurationProperties [class org.springframework.boot.context.properties.source.ConfigurationPropertySourcesPropertySource
2026-05-09T21:32:02.940+02:00  INFO 11924 --- [esiusuarios] [main] c.u.j.EncryptablePropertySourceConverter : Skipping PropertySource servletConfigInitParams [class org.springframework.core.env.PropertySource$StubPropertySource
2026-05-09T21:32:02.940+02:00  INFO 11924 --- [esiusuarios] [main] c.u.j.EncryptablePropertySourceConverter : Converting PropertySource servletContextInitParams [org.springframework.web.context.support.ServletContextPropertySource] to EncryptableEnumerablePropertySourceWrapper
2026-05-09T21:32:02.957+02:00  INFO 11924 --- [esiusuarios] [main] e.e.d.e.EsiusuariosApplication           : Started EsiusuariosApplication in 6.439 seconds (process running for 6.839)
2026-05-09T21:33:41.147+02:00  INFO 11924 --- [esiusuarios] [SpringApplicationShutdownHook] j.LocalContainerEntityManagerFactoryBean : Closing JPA EntityManagerFactory for persistence unit 'default'
2026-05-09T21:33:41.148+02:00  INFO 11924 --- [esiusuarios] [SpringApplicationShutdownHook] com.zaxxer.hikari.HikariDataSource       : HikariPool-1 - Shutdown initiated...
2026-05-09T21:33:41.151+02:00  INFO 11924 --- [esiusuarios] [SpringApplicationShutdownHook] com.zaxxer.hikari.HikariDataSource       : HikariPool-1 - Shutdown completed.
